{"uuid":"80756010-01ea-4b8c-abc8-c02747326011","historyId":"9ec0e4995e785d010d983ccae0b874d2","fullName":"tests.FailedLoginTests.asUserTryToLoginWithIncorrectLoginAndPassword","labels":[{"name":"package","value":"tests.FailedLoginTests"},{"name":"testClass","value":"tests.FailedLoginTests"},{"name":"testMethod","value":"asUserTryToLoginWithIncorrectLoginAndPassword"},{"name":"parentSuite","value":"All Pet Store Tests"},{"name":"suite","value":"Negative Login Tests"},{"name":"subSuite","value":"tests.FailedLoginTests"},{"name":"host","value":"DESKTOP-4AO1319"},{"name":"thread","value":"19268@DESKTOP-4AO1319.TestNG-tests-1(17)"},{"name":"framework","value":"testng"},{"name":"language","value":"java"},{"name":"severity","value":"normal"}],"links":[{"name":"ID-1","url":"https://example-tms-system.org/tms/ID-1","type":"tms"},{"name":"DEFECT-1","url":"https://example-issue-system.org/issue/DEFECT-1","type":"issue"}],"name":"asUserTryToLoginWithIncorrectLoginAndPassword","status":"skipped","statusDetails":{"known":false,"muted":false,"flaky":false,"message":"Element text was <Invalid username or password. Signon failed.> expecting to be <TEMPInvalid username or password. Signon failed.>!","trace":"java.lang.AssertionError: Element text was <Invalid username or password. Signon failed.> expecting to be <TEMPInvalid username or password. Signon failed.>!\r\n\tat page.objects.LoginPage.assertThatWarningIsDisplayed(LoginPage.java:63)\r\n\tat tests.FailedLoginTests.asUserTryToLoginWithIncorrectLoginAndPassword(FailedLoginTests.java:27)\r\n\tat java.base/jdk.internal.reflect.NativeMethodAccessorImpl.invoke0(Native Method)\r\n\tat java.base/jdk.internal.reflect.NativeMethodAccessorImpl.invoke(NativeMethodAccessorImpl.java:64)\r\n\tat java.base/jdk.internal.reflect.DelegatingMethodAccessorImpl.invoke(DelegatingMethodAccessorImpl.java:43)\r\n\tat java.base/java.lang.reflect.Method.invoke(Method.java:564)\r\n\tat org.testng.internal.invokers.MethodInvocationHelper.invokeMethod(MethodInvocationHelper.java:139)\r\n\tat org.testng.internal.invokers.TestInvoker.invokeMethod(TestInvoker.java:677)\r\n\tat org.testng.internal.invokers.TestInvoker.invokeTestMethod(TestInvoker.java:221)\r\n\tat org.testng.internal.invokers.MethodRunner.runInSequence(MethodRunner.java:50)\r\n\tat org.testng.internal.invokers.TestInvoker$MethodInvocationAgent.invoke(TestInvoker.java:969)\r\n\tat org.testng.internal.invokers.TestInvoker.invokeTestMethods(TestInvoker.java:194)\r\n\tat org.testng.internal.invokers.TestMethodWorker.invokeTestMethods(TestMethodWorker.java:148)\r\n\tat org.testng.internal.invokers.TestMethodWorker.run(TestMethodWorker.java:128)\r\n\tat java.base/java.util.ArrayList.forEach(ArrayList.java:1511)\r\n\tat org.testng.TestRunner.privateRun(TestRunner.java:829)\r\n\tat org.testng.TestRunner.run(TestRunner.java:602)\r\n\tat org.testng.SuiteRunner.runTest(SuiteRunner.java:437)\r\n\tat org.testng.SuiteRunner$SuiteWorker.run(SuiteRunner.java:475)\r\n\tat org.testng.internal.thread.ThreadUtil.lambda$execute$0(ThreadUtil.java:58)\r\n\tat java.base/java.util.concurrent.FutureTask.run(FutureTask.java:264)\r\n\tat java.base/java.util.concurrent.ThreadPoolExecutor.runWorker(ThreadPoolExecutor.java:1130)\r\n\tat java.base/java.util.concurrent.ThreadPoolExecutor$Worker.run(ThreadPoolExecutor.java:630)\r\n\tat java.base/java.lang.Thread.run(Thread.java:832)\r\n"},"stage":"finished","description":"The goal of this test to log in using not proper username and password and check if warning message Invalid username or password is displayed","steps":[{"name":"Assert that warning message TEMPInvalid username or password. Signon failed. is displayed","status":"failed","statusDetails":{"known":false,"muted":false,"flaky":false,"message":"Element text was <Invalid username or password. Signon failed.> expecting to be <TEMPInvalid username or password. Signon failed.>!","trace":"java.lang.AssertionError: Element text was <Invalid username or password. Signon failed.> expecting to be <TEMPInvalid username or password. Signon failed.>!\r\n\tat page.objects.LoginPage.assertThatWarningIsDisplayed(LoginPage.java:63)\r\n\tat tests.FailedLoginTests.asUserTryToLoginWithIncorrectLoginAndPassword(FailedLoginTests.java:27)\r\n\tat java.base/jdk.internal.reflect.NativeMethodAccessorImpl.invoke0(Native Method)\r\n\tat java.base/jdk.internal.reflect.NativeMethodAccessorImpl.invoke(NativeMethodAccessorImpl.java:64)\r\n\tat java.base/jdk.internal.reflect.DelegatingMethodAccessorImpl.invoke(DelegatingMethodAccessorImpl.java:43)\r\n\tat java.base/java.lang.reflect.Method.invoke(Method.java:564)\r\n\tat org.testng.internal.invokers.MethodInvocationHelper.invokeMethod(MethodInvocationHelper.java:139)\r\n\tat org.testng.internal.invokers.TestInvoker.invokeMethod(TestInvoker.java:677)\r\n\tat org.testng.internal.invokers.TestInvoker.invokeTestMethod(TestInvoker.java:221)\r\n\tat org.testng.internal.invokers.MethodRunner.runInSequence(MethodRunner.java:50)\r\n\tat org.testng.internal.invokers.TestInvoker$MethodInvocationAgent.invoke(TestInvoker.java:969)\r\n\tat org.testng.internal.invokers.TestInvoker.invokeTestMethods(TestInvoker.java:194)\r\n\tat org.testng.internal.invokers.TestMethodWorker.invokeTestMethods(TestMethodWorker.java:148)\r\n\tat org.testng.internal.invokers.TestMethodWorker.run(TestMethodWorker.java:128)\r\n\tat java.base/java.util.ArrayList.forEach(ArrayList.java:1511)\r\n\tat org.testng.TestRunner.privateRun(TestRunner.java:829)\r\n\tat org.testng.TestRunner.run(TestRunner.java:602)\r\n\tat org.testng.SuiteRunner.runTest(SuiteRunner.java:437)\r\n\tat org.testng.SuiteRunner$SuiteWorker.run(SuiteRunner.java:475)\r\n\tat org.testng.internal.thread.ThreadUtil.lambda$execute$0(ThreadUtil.java:58)\r\n\tat java.base/java.util.concurrent.FutureTask.run(FutureTask.java:264)\r\n\tat java.base/java.util.concurrent.ThreadPoolExecutor.runWorker(ThreadPoolExecutor.java:1130)\r\n\tat java.base/java.util.concurrent.ThreadPoolExecutor$Worker.run(ThreadPoolExecutor.java:630)\r\n\tat java.base/java.lang.Thread.run(Thread.java:832)\r\n"},"stage":"finished","steps":[],"attachments":[],"parameters":[{"name":"warningMessage","value":"TEMPInvalid username or password. Signon failed."}],"start":1684874970123,"stop":1684874970950}],"attachments":[],"parameters":[{"name":"browser","value":"FIREFOX"}],"start":1684874967785,"stop":1684874970964}